<?xml version="1.0" encoding="UTF-8"?>
<!-- Generated by org.testng.reporters.JUnitReportReporter -->
<testsuite skipped="0" hostname="INGUEUCLP000666" name="testngLearning.IncludeExclude" tests="2" failures="0" timestamp="08 Aug 2019 04:24:14 GMT" time="0.024" errors="0">
  <testcase name="test2" time="0.022" classname="testngLearning.IncludeExclude"/>
  <testcase name="test3" time="0.002" classname="testngLearning.IncludeExclude"/>
</testsuite> <!-- testngLearning.IncludeExclude -->
