<?xml version="1.0" encoding="UTF-8"?>
<!-- Generated by org.testng.reporters.JUnitReportReporter -->
<testsuite skipped="0" hostname="INGUEUCLP000666" name="selectDropdown.Iframes" tests="1" failures="0" timestamp="11 Aug 2019 19:07:29 GMT" time="33.318" errors="0">
  <testcase name="Iframeesdata" time="33.318" classname="selectDropdown.Iframes"/>
</testsuite> <!-- selectDropdown.Iframes -->
