<?xml version="1.0" encoding="UTF-8"?>
<!-- Generated by org.testng.reporters.JUnitReportReporter -->
<testsuite skipped="1" hostname="INGUEUCLP000666" name="testngLearning.IgnoreTestNG" tests="4" failures="0" timestamp="08 Aug 2019 04:05:04 GMT" time="0.026" errors="0">
  <testcase name="testcase4" time="0.003" classname="testngLearning.IgnoreTestNG"/>
  <testcase name="testcase3" time="0.003" classname="testngLearning.IgnoreTestNG"/>
  <testcase name="testcase2" time="0.020" classname="testngLearning.IgnoreTestNG"/>
  <testcase name="testcase1" classname="testngLearning.IgnoreTestNG">
    <skipped/>
  </testcase> <!-- testcase1 -->
</testsuite> <!-- testngLearning.IgnoreTestNG -->
