<?xml version="1.0" encoding="UTF-8"?>
<!-- Generated by org.testng.reporters.JUnitReportReporter -->
<testsuite skipped="0" hostname="INGUEUCLP000666" name="datatimePicker.Irctc5" tests="1" failures="0" timestamp="10 Aug 2019 19:57:35 GMT" time="38.129" errors="0">
  <testcase name="getDetails" time="38.129" classname="datatimePicker.Irctc5"/>
</testsuite> <!-- datatimePicker.Irctc5 -->
