<?xml version="1.0" encoding="UTF-8"?>
<!-- Generated by org.testng.reporters.JUnitReportReporter -->
<testsuite skipped="0" hostname="INGUEUCLP000666" name="datatimePicker.IRCTCDateTime" tests="1" failures="0" timestamp="11 Aug 2019 18:29:36 GMT" time="28.158" errors="0">
  <testcase name="getDate" time="28.158" classname="datatimePicker.IRCTCDateTime"/>
</testsuite> <!-- datatimePicker.IRCTCDateTime -->
