<?xml version="1.0" encoding="UTF-8"?>
<!-- Generated by org.testng.reporters.JUnitReportReporter -->
<testsuite skipped="0" hostname="INGUEUCLP000666" name="datatimePicker.Irctc2" tests="1" failures="0" timestamp="10 Aug 2019 17:28:26 GMT" time="22.068" errors="0">
  <testcase name="getDetails" time="22.068" classname="datatimePicker.Irctc2"/>
</testsuite> <!-- datatimePicker.Irctc2 -->
