<?xml version="1.0" encoding="UTF-8"?>
<!-- Generated by org.testng.reporters.JUnitReportReporter -->
<testsuite skipped="0" hostname="INGUEUCLP000666" name="PT.PT.Alert" tests="1" failures="0" timestamp="28 Jul 2019 18:40:34 GMT" time="26.458" errors="0">
  <testcase name="AlertBox" time="26.458" classname="PT.PT.Alert"/>
</testsuite> <!-- PT.PT.Alert -->
