<?xml version="1.0" encoding="UTF-8"?>
<!-- Generated by org.testng.reporters.JUnitReportReporter -->
<testsuite skipped="0" hostname="INGUEUCLP000666" name="selectDropdown.Wikipediadropdown" tests="1" failures="0" timestamp="04 Sep 2019 08:26:50 GMT" time="10.005" errors="0">
  <testcase name="DropDownValues" time="10.005" classname="selectDropdown.Wikipediadropdown"/>
</testsuite> <!-- selectDropdown.Wikipediadropdown -->
