<?xml version="1.0" encoding="UTF-8"?>
<!-- Generated by org.testng.reporters.JUnitReportReporter -->
<testsuite skipped="0" hostname="INGUEUCLP000666" name="extentreport.ExtentReportDemo" tests="1" failures="0" timestamp="01 Aug 2019 18:11:01 GMT" time="0.560" errors="0">
  <testcase name="LoginTest" time="0.560" classname="extentreport.ExtentReportDemo"/>
</testsuite> <!-- extentreport.ExtentReportDemo -->
