<?xml version="1.0" encoding="UTF-8"?>
<!-- Generated by org.testng.reporters.JUnitReportReporter -->
<testsuite skipped="0" hostname="INGUEUCLP000666" name="datatimePicker.Spicejet" tests="1" failures="0" timestamp="11 Aug 2019 08:58:53 GMT" time="21.745" errors="0">
  <testcase name="BookingFligh" time="21.745" classname="datatimePicker.Spicejet"/>
</testsuite> <!-- datatimePicker.Spicejet -->
