<?xml version="1.0" encoding="UTF-8"?>
<!-- Generated by org.testng.reporters.JUnitReportReporter -->
<testsuite skipped="0" hostname="INGUEUCLP000666" name="PT.PT.Screenshot" tests="1" failures="0" timestamp="25 Jul 2019 18:38:54 GMT" time="14.156" errors="0">
  <testcase name="takesscreenshots" time="14.156" classname="PT.PT.Screenshot"/>
</testsuite> <!-- PT.PT.Screenshot -->
