<?xml version="1.0" encoding="UTF-8"?>
<!-- Generated by org.testng.reporters.JUnitReportReporter -->
<testsuite skipped="0" hostname="INGUEUCLP000666" name="datatimePicker.RedBus2" tests="1" failures="0" timestamp="26 Aug 2019 08:51:10 GMT" time="12.130" errors="0">
  <testcase name="BookingABus" time="12.130" classname="datatimePicker.RedBus2"/>
</testsuite> <!-- datatimePicker.RedBus2 -->
