<?xml version="1.0" encoding="UTF-8"?>
<!-- Generated by org.testng.reporters.JUnitReportReporter -->
<testsuite skipped="0" hostname="INGUEUCLP000666" name="datatimePicker.Irctc" tests="1" failures="0" timestamp="04 Sep 2019 08:47:36 GMT" time="22.810" errors="0">
  <testcase name="getDetails" time="22.810" classname="datatimePicker.Irctc"/>
</testsuite> <!-- datatimePicker.Irctc -->
