<?xml version="1.0" encoding="UTF-8"?>
<!-- Generated by org.testng.reporters.JUnitReportReporter -->
<testsuite skipped="0" hostname="INGUEUCLP000666" name="datatimePicker.Irctc3" tests="1" failures="0" timestamp="10 Aug 2019 20:35:18 GMT" time="38.060" errors="0">
  <testcase name="getDetails" time="38.060" classname="datatimePicker.Irctc3"/>
</testsuite> <!-- datatimePicker.Irctc3 -->
