<?xml version="1.0" encoding="UTF-8"?>
<!-- Generated by org.testng.reporters.JUnitReportReporter -->
<testsuite skipped="0" hostname="INGUEUCLP000666" name="dataProvider.Readdata" tests="3" failures="0" timestamp="19 Aug 2019 11:58:25 GMT" time="0.013" errors="0">
  <testcase name="integrationTest" time="0.010" classname="dataProvider.Readdata"/>
  <testcase name="integrationTest" time="0.002" classname="dataProvider.Readdata"/>
  <testcase name="integrationTest" time="0.001" classname="dataProvider.Readdata"/>
</testsuite> <!-- dataProvider.Readdata -->
