<?xml version="1.0" encoding="UTF-8"?>
<!-- Generated by org.testng.reporters.JUnitReportReporter -->
<testsuite skipped="0" hostname="INGUEUCLP000666" name="selectDropdown.Wikipediadropdown2" tests="1" failures="0" timestamp="11 Aug 2019 18:59:08 GMT" time="8.761" errors="0">
  <testcase name="DropDownValues" time="8.761" classname="selectDropdown.Wikipediadropdown2"/>
</testsuite> <!-- selectDropdown.Wikipediadropdown2 -->
